  main.cpp
C:\Users\zdunl\Desktop\Praca_projekt\Praca_projekt\shaderLoader.h(90,17): warning C4267: "=": konwersja z "size_t" do "GLint", możliwa utrata danych
  (kompilowanie pliku źródłowego „main.cpp”)
  
C:\Users\zdunl\Desktop\Praca_projekt\Praca_projekt\fileReader.h(94,3): warning C4551: wywołaniu funkcji brakuje listy argumentów
  (kompilowanie pliku źródłowego „main.cpp”)
  
C:\Users\zdunl\Desktop\Praca_projekt\Praca_projekt\fileReader.h(247,20): warning C4267: "=": konwersja z "size_t" do "int", możliwa utrata danych
  (kompilowanie pliku źródłowego „main.cpp”)
  
C:\Users\zdunl\Desktop\Praca_projekt\Praca_projekt\terrainGenerator.h(101,48): warning C4244: "argument": konwersja z "int" do "float", możliwa utrata danych
  (kompilowanie pliku źródłowego „main.cpp”)
  
C:\Users\zdunl\Desktop\Praca_projekt\Praca_projekt\terrainGenerator.h(138,55): warning C4244: "argument": konwersja z "int" do "_Ty", możliwa utrata danych
C:\Users\zdunl\Desktop\Praca_projekt\Praca_projekt\terrainGenerator.h(138,55): warning C4244:         with
C:\Users\zdunl\Desktop\Praca_projekt\Praca_projekt\terrainGenerator.h(138,55): warning C4244:         [
C:\Users\zdunl\Desktop\Praca_projekt\Praca_projekt\terrainGenerator.h(138,55): warning C4244:             _Ty=float
C:\Users\zdunl\Desktop\Praca_projekt\Praca_projekt\terrainGenerator.h(138,55): warning C4244:         ]
  (kompilowanie pliku źródłowego „main.cpp”)
  
C:\Users\zdunl\Desktop\Praca_projekt\Praca_projekt\terrainGenerator.h(139,60): warning C4244: "argument": konwersja z "int" do "_Ty", możliwa utrata danych
C:\Users\zdunl\Desktop\Praca_projekt\Praca_projekt\terrainGenerator.h(139,60): warning C4244:         with
C:\Users\zdunl\Desktop\Praca_projekt\Praca_projekt\terrainGenerator.h(139,60): warning C4244:         [
C:\Users\zdunl\Desktop\Praca_projekt\Praca_projekt\terrainGenerator.h(139,60): warning C4244:             _Ty=float
C:\Users\zdunl\Desktop\Praca_projekt\Praca_projekt\terrainGenerator.h(139,60): warning C4244:         ]
  (kompilowanie pliku źródłowego „main.cpp”)
  
C:\Users\zdunl\Desktop\Praca_projekt\Praca_projekt\terrainGenerator.h(139,49): warning C4244: "argument": konwersja z "int" do "_Ty", możliwa utrata danych
C:\Users\zdunl\Desktop\Praca_projekt\Praca_projekt\terrainGenerator.h(139,49): warning C4244:         with
C:\Users\zdunl\Desktop\Praca_projekt\Praca_projekt\terrainGenerator.h(139,49): warning C4244:         [
C:\Users\zdunl\Desktop\Praca_projekt\Praca_projekt\terrainGenerator.h(139,49): warning C4244:             _Ty=float
C:\Users\zdunl\Desktop\Praca_projekt\Praca_projekt\terrainGenerator.h(139,49): warning C4244:         ]
  (kompilowanie pliku źródłowego „main.cpp”)
  
C:\Users\zdunl\Desktop\Praca_projekt\Praca_projekt\terrainGenerator.h(182,3): warning C4551: wywołaniu funkcji brakuje listy argumentów
  (kompilowanie pliku źródłowego „main.cpp”)
  
C:\Users\zdunl\Desktop\Praca_projekt\Praca_projekt\terrainGenerator.h(252,28): warning C4244: "=": konwersja z "int" do "float", możliwa utrata danych
  (kompilowanie pliku źródłowego „main.cpp”)
  
C:\Users\zdunl\Desktop\Praca_projekt\Praca_projekt\terrainGenerator.h(254,32): warning C4244: "=": konwersja z "int" do "float", możliwa utrata danych
  (kompilowanie pliku źródłowego „main.cpp”)
  
C:\Users\zdunl\Desktop\Praca_projekt\Praca_projekt\terrainGenerator.h(346,42): warning C4244: "argument": konwersja z "double" do "float", możliwa utrata danych
  (kompilowanie pliku źródłowego „main.cpp”)
  
C:\Users\zdunl\Desktop\Praca_projekt\Praca_projekt\terrainGenerator.h(372,42): warning C4244: "argument": konwersja z "double" do "float", możliwa utrata danych
  (kompilowanie pliku źródłowego „main.cpp”)
  
C:\Users\zdunl\Desktop\Praca_projekt\Praca_projekt\main.cpp(105,12): warning C4244: "argument": konwersja z "time_t" do "unsigned int", możliwa utrata danych
C:\Users\zdunl\Desktop\Praca_projekt\Praca_projekt\main.cpp(337,4): warning C4551: wywołaniu funkcji brakuje listy argumentów
C:\Users\zdunl\Desktop\Praca_projekt\Praca_projekt\main.cpp(343,3): warning C4551: wywołaniu funkcji brakuje listy argumentów
C:\Users\zdunl\Desktop\Praca_projekt\Praca_projekt\main.cpp(375,21): warning C4244: "=": konwersja z "double" do "int", możliwa utrata danych
C:\Users\zdunl\Desktop\Praca_projekt\Praca_projekt\main.cpp(376,21): warning C4244: "=": konwersja z "double" do "int", możliwa utrata danych
C:\Users\zdunl\Desktop\Praca_projekt\Praca_projekt\main.cpp(350,6): warning C4101: "userInput": lokalna zmienna, do której nie istnieje odwołanie
  Praca_projekt.vcxproj -> C:\Users\zdunl\Desktop\Praca_projekt\x64\Debug\Praca_projekt.exe
